<?xml version="1.0" encoding="UTF-8"?>
<!-- Generated by org.testng.reporters.JUnitReportReporter -->
<testsuite hostname="Pratiksha" failures="0" tests="1" name="Appium01.Alarm_clock" time="7.565" errors="0" timestamp="2023-02-14T13:00:35 GMT-05:00" skipped="0">
  <testcase classname="Appium01.Alarm_clock" name="Test" time="7.565"/>
  <system-out/>
</testsuite> <!-- Appium01.Alarm_clock -->
