<?xml version="1.0" encoding="UTF-8"?>
<!-- Generated by org.testng.reporters.JUnitReportReporter -->
<testsuite hostname="Pratiksha" failures="0" tests="1" name="Appium01.Native_appium" time="4.589" errors="0" timestamp="2023-01-19T11:07:17 GMT-05:00" skipped="0">
  <testcase classname="Appium01.Native_appium" name="Test" time="4.589"/>
  <system-out/>
</testsuite> <!-- Appium01.Native_appium -->
