<?xml version="1.0" encoding="UTF-8"?>
<!-- Generated by org.testng.reporters.JUnitReportReporter -->
<testsuite hostname="Pratiksha" failures="0" tests="2" name="Appium01.banjararide1" time="54.515" errors="0" timestamp="2023-01-29T11:38:42 GMT-05:00" skipped="1">
  <testcase classname="Appium01.banjararide1" name="BookNow" time="54.515"/>
  <system-out/>
  <testcase classname="Appium01.banjararide1" name="Bookings_CallUs">
    <skipped/>
  </testcase> <!-- Bookings_CallUs -->
  <system-out/>
</testsuite> <!-- Appium01.banjararide1 -->
