<?xml version="1.0" encoding="UTF-8"?>
<!-- Generated by org.testng.reporters.JUnitReportReporter -->
<testsuite hostname="Pratiksha" failures="0" tests="1" name="Appium01.KhanTest" time="132.971" errors="0" timestamp="2023-01-23T10:36:15 GMT-05:00" skipped="0">
  <testcase classname="Appium01.KhanTest" name="khanacademy" time="132.971"/>
  <system-out/>
</testsuite> <!-- Appium01.KhanTest -->
