<?xml version="1.0" encoding="UTF-8"?>
<!-- Generated by org.testng.reporters.JUnitReportReporter -->
<testsuite hostname="Pratiksha" failures="0" tests="1" name="Appium01.calculator" time="8.374" errors="0" timestamp="2023-01-23T15:38:27 GMT-05:00" skipped="0">
  <testcase classname="Appium01.calculator" name="Calculator" time="8.374"/>
  <system-out/>
</testsuite> <!-- Appium01.calculator -->
