<?xml version="1.0" encoding="UTF-8"?>
<!-- Generated by org.testng.reporters.JUnitReportReporter -->
<testsuite hostname="Pratiksha" failures="0" tests="1" name="Appium01.Hybrid_test" time="36.993" errors="0" timestamp="2023-01-19T17:40:38 GMT-05:00" skipped="0">
  <testcase classname="Appium01.Hybrid_test" name="test1" time="36.993"/>
  <system-out/>
</testsuite> <!-- Appium01.Hybrid_test -->
